"../../../../../../Users/luke/Documents/GitHub/The-Lost-Machine/UE4-Project/The_Lost_Machine/Content/icon.uasset" 0
"../../../../../../Users/luke/Documents/GitHub/The-Lost-Machine/UE4-Project/The_Lost_Machine/Content/FirstPerson/Character/Mesh/SK_Mannequin_Arms_Skeleton.uasset" 1
"../../../../../../Users/luke/Documents/GitHub/The-Lost-Machine/UE4-Project/The_Lost_Machine/Content/FirstPerson/Animations/FirstPerson_Fire.uasset" 2
"../../../../../../Users/luke/Documents/GitHub/The-Lost-Machine/UE4-Project/The_Lost_Machine/Content/FirstPerson/Animations/FirstPersonFire_Montage.uasset" 3
"../../../../../../Users/luke/Documents/GitHub/The-Lost-Machine/UE4-Project/The_Lost_Machine/Content/FirstPerson/Audio/FirstPersonTemplateWeaponFire02.uasset" 4
"../../../../../../Users/luke/Documents/GitHub/The-Lost-Machine/UE4-Project/The_Lost_Machine/Content/FirstPerson/Animations/FirstPerson_Idle.uasset" 5
"../../../../../../Users/luke/Documents/GitHub/The-Lost-Machine/UE4-Project/The_Lost_Machine/Content/FirstPerson/Animations/FirstPerson_JumpEnd.uasset" 6
"../../../../../../Users/luke/Documents/GitHub/The-Lost-Machine/UE4-Project/The_Lost_Machine/Content/FirstPerson/Animations/FirstPerson_JumpLoop.uasset" 7
"../../../../../../Users/luke/Documents/GitHub/The-Lost-Machine/UE4-Project/The_Lost_Machine/Content/FirstPerson/Animations/FirstPerson_JumpStart.uasset" 8
"../../../../../../Users/luke/Documents/GitHub/The-Lost-Machine/UE4-Project/The_Lost_Machine/Content/FirstPerson/Animations/FirstPerson_Run.uasset" 9
"../../../Engine/Content/EditorBlueprintResources/StandardMacros.uasset" 10
"../../../../../../Users/luke/Documents/GitHub/The-Lost-Machine/UE4-Project/The_Lost_Machine/Content/FirstPerson/Animations/FirstPerson_AnimBP.uasset" 11
"../../../../../../Users/luke/Documents/GitHub/The-Lost-Machine/UE4-Project/The_Lost_Machine/Content/FirstPerson/Character/Mesh/FirstPersonAnimBlueprint_Copy.uasset" 12
"../../../Engine/Content/Functions/Engine_MaterialFunctions02/Utility/BlendAngleCorrectedNormals.uasset" 13
"../../../Engine/Content/Functions/MaterialLayerFunctions/MatLayerBlend_NormalBlend.uasset" 14
"../../../Engine/Content/Functions/MaterialLayerFunctions/MatLayerBlend_Simple.uasset" 15
"../../../../../../Users/luke/Documents/GitHub/The-Lost-Machine/UE4-Project/The_Lost_Machine/Content/FirstPerson/Character/Materials/MaterialLayers/T_ML_Rubber_Blue_01_D.uasset" 16
"../../../../../../Users/luke/Documents/GitHub/The-Lost-Machine/UE4-Project/The_Lost_Machine/Content/FirstPerson/Character/Materials/MaterialLayers/T_ML_Rubber_Blue_01_N.uasset" 17
"../../../../../../Users/luke/Documents/GitHub/The-Lost-Machine/UE4-Project/The_Lost_Machine/Content/FirstPerson/Character/Materials/MaterialLayers/ML_GlossyBlack_Latex_UE4.uasset" 18
"../../../../../../Users/luke/Documents/GitHub/The-Lost-Machine/UE4-Project/The_Lost_Machine/Content/FirstPerson/Character/Materials/MaterialLayers/ML_Plastic_Shiny_Beige.uasset" 19
"../../../../../../Users/luke/Documents/GitHub/The-Lost-Machine/UE4-Project/The_Lost_Machine/Content/FirstPerson/Character/Textures/UE4_LOGO_CARD.uasset" 20
"../../../../../../Users/luke/Documents/GitHub/The-Lost-Machine/UE4-Project/The_Lost_Machine/Content/FirstPerson/Character/Materials/MaterialLayers/ML_Plastic_Shiny_Beige_LOGO.uasset" 21
"../../../../../../Users/luke/Documents/GitHub/The-Lost-Machine/UE4-Project/The_Lost_Machine/Content/FirstPerson/Character/Materials/MaterialLayers/T_ML_Aluminum01.uasset" 22
"../../../../../../Users/luke/Documents/GitHub/The-Lost-Machine/UE4-Project/The_Lost_Machine/Content/FirstPerson/Character/Materials/MaterialLayers/T_ML_Aluminum01_N.uasset" 23
"../../../../../../Users/luke/Documents/GitHub/The-Lost-Machine/UE4-Project/The_Lost_Machine/Content/FirstPerson/Character/Materials/MaterialLayers/ML_SoftMetal_UE4.uasset" 24
"../../../../../../Users/luke/Documents/GitHub/The-Lost-Machine/UE4-Project/The_Lost_Machine/Content/FirstPerson/Character/Textures/UE4_Mannequin__normals.uasset" 25
"../../../../../../Users/luke/Documents/GitHub/The-Lost-Machine/UE4-Project/The_Lost_Machine/Content/FirstPerson/Character/Textures/UE4_Mannequin_MAT_MASKA.uasset" 26
"../../../../../../Users/luke/Documents/GitHub/The-Lost-Machine/UE4-Project/The_Lost_Machine/Content/FirstPerson/Character/Materials/M_UE4Man_Body.uasset" 27
"../../../../../../Users/luke/Documents/GitHub/The-Lost-Machine/UE4-Project/The_Lost_Machine/Content/FirstPerson/Character/Mesh/SK_Mannequin_Arms_PhysicsAsset.uasset" 28
"../../../../../../Users/luke/Documents/GitHub/The-Lost-Machine/UE4-Project/The_Lost_Machine/Content/FirstPerson/Character/Mesh/SK_Mannequin_Arms.uasset" 29
"../../../../../../Users/luke/Documents/GitHub/The-Lost-Machine/UE4-Project/The_Lost_Machine/Content/FirstPerson/FPWeapon/Materials/MaterialLayers/ML_Plastic_Shiny_Beige_LOGO.uasset" 30
"../../../../../../Users/luke/Documents/GitHub/The-Lost-Machine/UE4-Project/The_Lost_Machine/Content/FirstPerson/FPWeapon/Materials/MaterialLayers/T_ML_FineRubber.uasset" 31
"../../../../../../Users/luke/Documents/GitHub/The-Lost-Machine/UE4-Project/The_Lost_Machine/Content/FirstPerson/FPWeapon/Materials/MaterialLayers/T_ML_Rubber_Blue_01_D.uasset" 32
"../../../../../../Users/luke/Documents/GitHub/The-Lost-Machine/UE4-Project/The_Lost_Machine/Content/FirstPerson/FPWeapon/Materials/MaterialLayers/T_ML_Rubber_Blue_01_N.uasset" 33
"../../../../../../Users/luke/Documents/GitHub/The-Lost-Machine/UE4-Project/The_Lost_Machine/Content/FirstPerson/FPWeapon/Materials/MaterialLayers/ML_GlossyBlack_Latex_UE4.uasset" 34
"../../../../../../Users/luke/Documents/GitHub/The-Lost-Machine/UE4-Project/The_Lost_Machine/Content/FirstPerson/FPWeapon/Materials/MaterialLayers/ML_Plastic_Shiny_Beige.uasset" 35
"../../../../../../Users/luke/Documents/GitHub/The-Lost-Machine/UE4-Project/The_Lost_Machine/Content/FirstPerson/FPWeapon/Materials/MaterialLayers/ML_Screen.uasset" 36
"../../../../../../Users/luke/Documents/GitHub/The-Lost-Machine/UE4-Project/The_Lost_Machine/Content/FirstPerson/FPWeapon/Materials/MaterialLayers/T_ML_Aluminum01.uasset" 37
"../../../../../../Users/luke/Documents/GitHub/The-Lost-Machine/UE4-Project/The_Lost_Machine/Content/FirstPerson/FPWeapon/Materials/MaterialLayers/T_ML_Aluminum01_N.uasset" 38
"../../../../../../Users/luke/Documents/GitHub/The-Lost-Machine/UE4-Project/The_Lost_Machine/Content/FirstPerson/FPWeapon/Materials/MaterialLayers/ML_SoftMetal_UE4.uasset" 39
"../../../../../../Users/luke/Documents/GitHub/The-Lost-Machine/UE4-Project/The_Lost_Machine/Content/FirstPerson/FPWeapon/Textures/T_FPGun_M.uasset" 40
"../../../../../../Users/luke/Documents/GitHub/The-Lost-Machine/UE4-Project/The_Lost_Machine/Content/FirstPerson/FPWeapon/Textures/T_FPGun_N.uasset" 41
"../../../../../../Users/luke/Documents/GitHub/The-Lost-Machine/UE4-Project/The_Lost_Machine/Content/FirstPerson/FPWeapon/Materials/M_FPGun.uasset" 42
"../../../../../../Users/luke/Documents/GitHub/The-Lost-Machine/UE4-Project/The_Lost_Machine/Content/FirstPerson/FPWeapon/Mesh/SK_FPGun_Skeleton.uasset" 43
"../../../../../../Users/luke/Documents/GitHub/The-Lost-Machine/UE4-Project/The_Lost_Machine/Content/FirstPerson/FPWeapon/Mesh/SK_FPGun.uasset" 44
"../../../../../../Users/luke/Documents/GitHub/The-Lost-Machine/UE4-Project/The_Lost_Machine/Content/FirstPerson/FPWeapon/Mesh/SK_FPGun_PhysicsAsset.uasset" 45
"../../../../../../Users/luke/Documents/GitHub/The-Lost-Machine/UE4-Project/The_Lost_Machine/Content/FirstPerson/Meshes/BaseMaterial.uasset" 46
"../../../../../../Users/luke/Documents/GitHub/The-Lost-Machine/UE4-Project/The_Lost_Machine/Content/FirstPerson/Meshes/CubeMaterialOverride.uasset" 47
"../../../../../../Users/luke/Documents/GitHub/The-Lost-Machine/UE4-Project/The_Lost_Machine/Content/FirstPersonBP/FirstPersonOverview.uasset" 48
"../../../../../../Users/luke/Documents/GitHub/The-Lost-Machine/UE4-Project/The_Lost_Machine/Content/FirstPerson/Meshes/FirstPersonProjectileMaterial.uasset" 49
"../../../../../../Users/luke/Documents/GitHub/The-Lost-Machine/UE4-Project/The_Lost_Machine/Content/FirstPerson/Meshes/FirstPersonProjectileMesh.uasset" 50
"../../../../../../Users/luke/Documents/GitHub/The-Lost-Machine/UE4-Project/The_Lost_Machine/Content/FirstPersonBP/Blueprints/FirstPersonProjectile.uasset" 51
"../../../../../../Users/luke/Documents/GitHub/The-Lost-Machine/UE4-Project/The_Lost_Machine/Content/Map_Assets/Old_Chap/Old_Chap.uasset" 52
"../../../../../../Users/luke/Documents/GitHub/The-Lost-Machine/UE4-Project/The_Lost_Machine/Content/Map_Assets/Old_Chap/defaultMat.uasset" 53
"../../../../../../Users/luke/Documents/GitHub/The-Lost-Machine/UE4-Project/The_Lost_Machine/Content/Map_Assets/Old_Chap/Old_Chap_Mod.uasset" 54
"../../../../../../Users/luke/Documents/GitHub/The-Lost-Machine/UE4-Project/The_Lost_Machine/Content/FirstPersonBP/Blueprints/NPC2.uasset" 55
"../../../../../../Users/luke/Documents/GitHub/The-Lost-Machine/UE4-Project/The_Lost_Machine/Content/FirstPersonBP/Maps/FirstPersonExampleMap_BuiltData.uasset" 56
"../../../../../../Users/luke/Documents/GitHub/The-Lost-Machine/UE4-Project/The_Lost_Machine/Content/Geometry/Meshes/CubeMaterial.uasset" 57
"../../../../../../Users/luke/Documents/GitHub/The-Lost-Machine/UE4-Project/The_Lost_Machine/Content/Geometry/Meshes/1M_Cube_Chamfer.uasset" 58
"../../../../../../Users/luke/Documents/GitHub/The-Lost-Machine/UE4-Project/The_Lost_Machine/Content/Geometry/Meshes/TemplateFloor.uasset" 59
"../../../../../../Users/luke/Documents/GitHub/The-Lost-Machine/UE4-Project/The_Lost_Machine/Content/MainMenu_LostMachine/MenuPictures/controls_for_the_game.uasset" 60
"../../../../../../Users/luke/Documents/GitHub/The-Lost-Machine/UE4-Project/The_Lost_Machine/Content/Map_Assets/Crate/Crate1.uasset" 61
"../../../../../../Users/luke/Documents/GitHub/The-Lost-Machine/UE4-Project/The_Lost_Machine/Content/Map_Assets/Crate/palette.uasset" 62
"../../../../../../Users/luke/Documents/GitHub/The-Lost-Machine/UE4-Project/The_Lost_Machine/Content/Map_Assets/Crate/Crate.uasset" 63
"../../../../../../Users/luke/Documents/GitHub/The-Lost-Machine/UE4-Project/The_Lost_Machine/Content/Map_Assets/House_3/House_3.uasset" 64
"../../../../../../Users/luke/Documents/GitHub/The-Lost-Machine/UE4-Project/The_Lost_Machine/Content/Map_Assets/House_3/House_3_Opacity.uasset" 65
"../../../../../../Users/luke/Documents/GitHub/The-Lost-Machine/UE4-Project/The_Lost_Machine/Content/Sounds/TLM_Music.uasset" 66
"../../../../../../Users/luke/Documents/GitHub/The-Lost-Machine/UE4-Project/The_Lost_Machine/Content/Sounds/TLM_Screams.uasset" 67
"../../../../../../Users/luke/Documents/GitHub/The-Lost-Machine/UE4-Project/The_Lost_Machine/Content/Sounds/TLM_Master.uasset" 68
"../../../../../../Users/luke/Documents/GitHub/The-Lost-Machine/UE4-Project/The_Lost_Machine/Content/Sounds/TLM_SFX.uasset" 69
"../../../../../../Users/luke/Documents/GitHub/The-Lost-Machine/UE4-Project/The_Lost_Machine/Content/Sounds/Beep.uasset" 70
"../../../../../../Users/luke/Documents/GitHub/The-Lost-Machine/UE4-Project/The_Lost_Machine/Content/Sounds/IvoCapelo_scream.uasset" 71
"../../../../../../Users/luke/Documents/GitHub/The-Lost-Machine/UE4-Project/The_Lost_Machine/Content/Sounds/scream_quiet.uasset" 72
"../../../../../../Users/luke/Documents/GitHub/The-Lost-Machine/UE4-Project/The_Lost_Machine/Content/Sounds/that_goat_scream_sfx.uasset" 73
"../../../../../../Users/luke/Documents/GitHub/The-Lost-Machine/UE4-Project/The_Lost_Machine/Content/StarterContent/Audio/Collapse01.uasset" 74
"../../../../../../Users/luke/Documents/GitHub/The-Lost-Machine/UE4-Project/The_Lost_Machine/Content/StarterContent/Audio/Collapse02.uasset" 75
"../../../../../../Users/luke/Documents/GitHub/The-Lost-Machine/UE4-Project/The_Lost_Machine/Content/StarterContent/Audio/Explosion01.uasset" 76
"../../../../../../Users/luke/Documents/GitHub/The-Lost-Machine/UE4-Project/The_Lost_Machine/Content/StarterContent/Audio/Explosion02.uasset" 77
"../../../../../../Users/luke/Documents/GitHub/The-Lost-Machine/UE4-Project/The_Lost_Machine/Content/StarterContent/Audio/Fire01.uasset" 78
"../../../../../../Users/luke/Documents/GitHub/The-Lost-Machine/UE4-Project/The_Lost_Machine/Content/StarterContent/Audio/Fire_Sparks01.uasset" 79
"../../../../../../Users/luke/Documents/GitHub/The-Lost-Machine/UE4-Project/The_Lost_Machine/Content/StarterContent/Audio/Light01.uasset" 80
"../../../../../../Users/luke/Documents/GitHub/The-Lost-Machine/UE4-Project/The_Lost_Machine/Content/StarterContent/Audio/Light02.uasset" 81
"../../../../../../Users/luke/Documents/GitHub/The-Lost-Machine/UE4-Project/The_Lost_Machine/Content/StarterContent/Audio/Smoke01.uasset" 82
"../../../../../../Users/luke/Documents/GitHub/The-Lost-Machine/UE4-Project/The_Lost_Machine/Content/StarterContent/Audio/Starter_Music01.uasset" 83
"../../../../../../Users/luke/Documents/GitHub/The-Lost-Machine/UE4-Project/The_Lost_Machine/Content/StarterContent/Audio/Steam01.uasset" 84
"../../../Engine/Content/Animation/DefaultAnimBoneCompressionSettings.uasset" 85
"../../../Engine/Content/Animation/DefaultAnimCurveCompressionSettings.uasset" 86
"../../../Engine/Content/Functions/Engine_MaterialFunctions01/Opacity/CameraDepthFade.uasset" 87
"../../../Engine/Content/EngineMaterials/T_Default_Material_Grid_M.uasset" 88
"../../../Engine/Content/EngineMaterials/T_Default_Material_Grid_N.uasset" 89
"../../../Engine/Content/EngineMaterials/WorldGridMaterial.uasset" 90
"../../../Engine/Content/ArtTools/RenderToTexture/Meshes/S_1_Unit_Plane.uasset" 91
"../../../Engine/Content/EngineMaterials/DefaultMaterial.uasset" 92
"../../../Engine/Content/BasicShapes/Cone.uasset" 93
"../../../Engine/Content/BasicShapes/Cylinder.uasset" 94
"../../../Engine/Content/BasicShapes/Plane.uasset" 95
"../../../Engine/Content/BasicShapes/Sphere.uasset" 96
"../../../Engine/Content/EditorLandscapeResources/DataLayer.uasset" 97
"../../../Engine/Content/EditorMaterials/MAT_Groups_Toggle.uasset" 98
"../../../Engine/Content/EditorMaterials/MAT_Groups_Visibility.uasset" 99
"../../../Engine/Content/EditorMaterials/PreviewShadowIndicator.uasset" 100
"../../../Engine/Content/EditorMaterials/PreviewShadowIndicatorMaterial.uasset" 101
"../../../Engine/Content/EditorMaterials/MatineeGroups/MAT_ColorTrack.uasset" 102
"../../../Engine/Content/EditorMaterials/MatineeGroups/MAT_Groups_Anim.uasset" 103
"../../../Engine/Content/EditorMaterials/MatineeGroups/MAT_Groups_AudioMaster.uasset" 104
"../../../Engine/Content/EditorMaterials/MatineeGroups/MAT_Groups_Director.uasset" 105
"../../../Engine/Content/EditorMaterials/MatineeGroups/MAT_Groups_Event.uasset" 106
"../../../Engine/Content/EditorMaterials/MatineeGroups/MAT_Groups_Fade.uasset" 107
"../../../Engine/Content/EditorMaterials/MatineeGroups/MAT_Groups_Float.uasset" 108
"../../../Engine/Content/EditorMaterials/MatineeGroups/MAT_Groups_Move.uasset" 109
"../../../Engine/Content/EditorMaterials/MatineeGroups/MAT_Groups_Slomo.uasset" 110
"../../../Engine/Content/EditorMaterials/MatineeGroups/MAT_Groups_Sound.uasset" 111
"../../../Engine/Content/EditorMaterials/MatineeGroups/MAT_Groups_Vector.uasset" 112
"../../../Engine/Content/EditorMaterials/ParticleSystems/PSysThumbnail_NoImage.uasset" 113
"../../../Engine/Content/EditorMaterials/ParticleSystems/PSysThumbnail_OOD.uasset" 114
"../../../Engine/Content/EditorMaterials/Camera/CineMat.uasset" 115
"../../../Engine/Content/EditorMaterials/Camera/MI_CineMat_Rig.uasset" 116
"../../../Engine/Content/EditorMeshes/Camera/SM_CraneRig_Arm.uasset" 117
"../../../Engine/Content/EditorMeshes/Camera/SM_CraneRig_Base.uasset" 118
"../../../Engine/Content/EditorMeshes/Camera/SM_CraneRig_Body.uasset" 119
"../../../Engine/Content/EditorMeshes/Camera/SM_CraneRig_Mount.uasset" 120
"../../../Engine/Content/EditorMeshes/Camera/SM_RailRig_Mount.uasset" 121
"../../../Engine/Content/EditorMeshes/Camera/SM_RailRig_Track.uasset" 122
"../../../Engine/Content/EditorResources/BSPVertex.uasset" 123
"../../../Engine/Content/EditorResources/EmptyActor.uasset" 124
"../../../Engine/Content/EditorResources/S_Actor.uasset" 125
"../../../Engine/Content/EditorResources/S_Note.uasset" 126
"../../../Engine/Content/EditorResources/S_Solver.uasset" 127
"../../../Engine/Content/EditorResources/S_Trigger.uasset" 128
"../../../Engine/Content/EditorResources/LightIcons/S_LightError.uasset" 129
"../../../Engine/Content/EditorResources/SequenceRecorder/Countdown.uasset" 130
"../../../Engine/Content/EditorResources/SequenceRecorder/RecordingIndicator.uasset" 131
"../../../Engine/Content/EditorSounds/Notifications/CompileFailed.uasset" 132
"../../../Engine/Content/EditorSounds/Notifications/CompileFailed_Cue.uasset" 133
"../../../Engine/Content/EditorSounds/Notifications/CompileSuccess.uasset" 134
"../../../Engine/Content/EditorSounds/Notifications/CompileStart_Cue.uasset" 135
"../../../Engine/Content/EditorSounds/Notifications/CompileSuccess_Cue.uasset" 136
"../../../Engine/Content/EngineDamageTypes/DmgTypeBP_Environmental.uasset" 137
"../../../Engine/Content/EngineDebugMaterials/DebugEditorMaterial.uasset" 138
"../../../Engine/Content/EngineDebugMaterials/DebugMeshMaterial.uasset" 139
"../../../Engine/Content/EngineDebugMaterials/M_SimpleUnlitTranslucent.uasset" 140
"../../../Engine/Content/Functions/Engine_MaterialFunctions02/Utility/CameraDirectionVector.uasset" 141
"../../../Engine/Content/EngineDebugMaterials/VolumeToRender.uasset" 142
"../../../Engine/Content/EngineDebugMaterials/M_VolumeRenderSphereTracePP.uasset" 143
"../../../Engine/Content/EngineDebugMaterials/WireframeMaterial.uasset" 144
"../../../Engine/Content/EngineFonts/Faces/DroidSansFallback.uasset" 145
"../../../Engine/Content/EngineFonts/Faces/RobotoBold.uasset" 146
"../../../Engine/Content/EngineFonts/Faces/RobotoBoldItalic.uasset" 147
"../../../Engine/Content/EngineFonts/Faces/RobotoItalic.uasset" 148
"../../../Engine/Content/EngineFonts/Faces/RobotoLight.uasset" 149
"../../../Engine/Content/EngineFonts/Faces/RobotoRegular.uasset" 150
"../../../Engine/Content/EngineFonts/Roboto.uasset" 151
"../../../Engine/Content/EngineMaterials/BaseFlattenDiffuseMap.uasset" 152
"../../../Engine/Content/EngineMaterials/BaseFlattenEmissiveMap.uasset" 153
"../../../Engine/Content/EngineMaterials/BaseFlattenGrayscaleMap.uasset" 154
"../../../Engine/Content/EngineMaterials/BaseFlattenNormalMap.uasset" 155
"../../../Engine/Content/EngineMaterials/BaseFlattenMaterial.uasset" 156
"../../../Engine/Content/EngineMaterials/BlueNoise.uasset" 157
"../../../Engine/Content/EngineMaterials/DefaultBloomKernel.uasset" 158
"../../../Engine/Content/EngineMaterials/DefaultBokeh.uasset" 159
"../../../Engine/Content/EngineMaterials/DefaultDiffuse.uasset" 160
"../../../Engine/Content/EngineMaterials/DefaultDeferredDecalMaterial.uasset" 161
"../../../Engine/Content/EngineMaterials/DefaultLightFunctionMaterial.uasset" 162
"../../../Engine/Content/EngineMaterials/DefaultPhysicalMaterial.uasset" 163
"../../../Engine/Content/Functions/Engine_MaterialFunctions02/Utility/BreakOutFloat2Components.uasset" 164
"../../../Engine/Content/EngineMaterials/DefaultPostProcessMaterial.uasset" 165
"../../../Engine/Content/EngineFonts/RobotoDistanceField.uasset" 166
"../../../Engine/Content/EngineMaterials/DefaultTextMaterialOpaque.uasset" 167
"../../../Engine/Content/EngineMaterials/DefaultWhiteGrid.uasset" 168
"../../../Engine/Content/EngineMaterials/DefaultWhiteGrid_Low.uasset" 169
"../../../Engine/Content/EngineMaterials/EmissiveMeshMaterial.uasset" 170
"../../../Engine/Content/EngineMaterials/GizmoMaterial.uasset" 171
"../../../Engine/Content/EngineMaterials/Good64x64TilingNoiseHighFreq.uasset" 172
"../../../Engine/Content/EngineMaterials/MiniFont.uasset" 173
"../../../Engine/Content/EngineMaterials/InvalidLightmapSettings.uasset" 174
"../../../Engine/Content/EngineMaterials/M_InvalidLightmapSettings.uasset" 175
"../../../Engine/Content/Functions/Engine_MaterialFunctions02/WorldPositionOffset/CameraOffset.uasset" 176
"../../../Engine/Content/EngineMaterials/PhAT_JointLimitMaterial.uasset" 177
"../../../Engine/Content/EngineMaterials/PreintegratedSkinBRDF.uasset" 178
"../../../Engine/Content/EngineMaterials/RemoveSurfaceMaterial.uasset" 179
"../../../Engine/Content/EngineMaterials/WeightMapPlaceholderTexture.uasset" 180
"../../../Engine/Content/EngineResources/WhiteSquareTexture.uasset" 181
"../../../Engine/Content/EngineMaterials/Widget3DPassThrough.uasset" 182
"../../../Engine/Content/EngineMaterials/Widget3DPassThrough_Masked.uasset" 183
"../../../Engine/Content/EngineMaterials/Widget3DPassThrough_Opaque.uasset" 184
"../../../Engine/Content/EngineMaterials/Widget3DPassThrough_Masked_OneSided.uasset" 185
"../../../Engine/Content/EngineMaterials/Widget3DPassThrough_Opaque_OneSided.uasset" 186
"../../../Engine/Content/EngineMaterials/Widget3DPassThrough_Translucent.uasset" 187
"../../../Engine/Content/EngineMaterials/Widget3DPassThrough_Translucent_OneSided.uasset" 188
"../../../Engine/Content/EngineMeshes/Cylinder.uasset" 189
"../../../Engine/Content/EngineMeshes/Sphere.uasset" 190
"../../../Engine/Content/EngineResources/Black.uasset" 191
"../../../Engine/Content/EngineResources/DefaultTexture.uasset" 192
"../../../Engine/Content/EngineResources/DefaultTextureCube.uasset" 193
"../../../Engine/Content/EngineResources/DefaultVolumeTexture2D.uasset" 194
"../../../Engine/Content/EngineResources/DefaultVolumeTexture.uasset" 195
"../../../Engine/Content/EngineResources/GradientTexture0.uasset" 196
"../../../Engine/Content/EngineSounds/Master.uasset" 197
"../../../Engine/Content/Functions/Engine_MaterialFunctions01/Shading/ConvertFromDiffSpec.uasset" 198
"../../../Engine/Content/Functions/Engine_MaterialFunctions01/Shading/PowerToRoughness.uasset" 199
"../../../Engine/Content/Maps/Templates/Thumbnails/Default.uasset" 200
"../../../Engine/Content/Maps/Templates/Thumbnails/TimeOfDay.uasset" 201
"../../../Engine/Content/Maps/Templates/Thumbnails/VR-Basic.uasset" 202
"../../../Engine/Content/MobileResources/T_MobileControls_texture.uasset" 203
"../../../Engine/Content/MobileResources/T_MobileMenu2.uasset" 204
"../../../Engine/Content/MobileResources/HUD/AnalogHat.uasset" 205
"../../../Engine/Content/MobileResources/HUD/VirtualJoystick_Background.uasset" 206
"../../../Engine/Content/MobileResources/HUD/VirtualJoystick_Thumb.uasset" 207
"../../../Engine/Content/MobileResources/HUD/DefaultVirtualJoysticks.uasset" 208
"../../../Engine/Content/MobileResources/HUD/LeftVirtualJoystickOnly.uasset" 209
"../../../Engine/Content/MobileResources/HUD/MobileHUDButton1_off.uasset" 210
"../../../Engine/Content/MobileResources/HUD/MobileHUDButton1_on.uasset" 211
"../../../Engine/Content/MobileResources/HUD/MobileHUDButton2_off.uasset" 212
"../../../Engine/Content/MobileResources/HUD/MobileHUDButton2_on.uasset" 213
"../../../Engine/Content/MobileResources/HUD/MobileHUDButton3.uasset" 214
"../../../Engine/Content/MobileResources/HUD/MobileHUDButtonFire.uasset" 215
"../../../Engine/Content/MobileResources/HUD/MobileHUDDirectionPad.uasset" 216
"../../../Engine/Content/MobileResources/HUD/MobileHUDDirectionPad2.uasset" 217
"../../../Engine/Content/MobileResources/HUD/MobileHUDDirectionPad3.uasset" 218
"../../../Engine/Content/MobileResources/HUD/MobileHUDDirectionStick.uasset" 219
"../../../Engine/Content/MobileResources/HUD/T_Castle_ThumbstickInner.uasset" 220
"../../../Engine/Content/MobileResources/HUD/T_Castle_ThumbstickOutter.uasset" 221
"../../../Engine/Content/Tutorial/ContentIntroCurve.uasset" 222
"../../../Engine/Content/Tutorial/Basics/LevelEditorAttract.uasset" 223
"../../../Engine/Content/Tutorial/Basics/TutorialAssets/icon_tab_Levels_40x.uasset" 224
"../../../Engine/Content/Tutorial/Basics/LevelEditorOverview.uasset" 225
"../../../Engine/Content/VREditor/LaserPointer/VR_LaserPower_01.uasset" 226
"../../../Engine/Content/VREditor/TransformGizmo/TransformGizmoMaterial.uasset" 227
"../../../Engine/Content/VREditor/TransformGizmo/TranslucentTransformGizmoMaterial.uasset" 228
"../../../Engine/Content/VREditor/TransformGizmo/BoundingBoxCorner.uasset" 229
"../../../Engine/Content/VREditor/TransformGizmo/BoundingBoxEdge.uasset" 230
"../../../Engine/Content/VREditor/TransformGizmo/PlaneTranslationHandle.uasset" 231
"../../../Engine/Content/VREditor/TransformGizmo/Main.uasset" 232
"../../../Engine/Content/VREditor/TransformGizmo/Xray.uasset" 233
"../../../Engine/Content/VREditor/TransformGizmo/SM_Sequencer_Key.uasset" 234
"../../../Engine/Content/VREditor/TransformGizmo/SM_Sequencer_Node.uasset" 235
"../../Plugins/2D/Paper2D/Content/PlaceholderTextures/DummySpriteTexture.uasset" 236
"../../Plugins/2D/Paper2D/Content/DummySprite.uasset" 237
"../../Plugins/2D/Paper2D/Content/DefaultPaperTerrainMaterial.uasset" 238
"../../Plugins/2D/Paper2D/Content/DefaultSpriteMaterial.uasset" 239
"../../Plugins/2D/Paper2D/Content/MaskedUnlitSpriteMaterial.uasset" 240
"../../Plugins/2D/Paper2D/Content/OpaqueUnlitSpriteMaterial.uasset" 241
"../../Plugins/FX/Niagara/Content/Enums/ENiagaraBooleanLogicOps.uasset" 242
"../../Plugins/FX/Niagara/Content/Enums/ENiagaraCoordinateSpace.uasset" 243
"../../Plugins/FX/Niagara/Content/Enums/ENiagaraExpansionMode.uasset" 244
"../../Plugins/FX/Niagara/Content/Enums/ENiagaraOrientationAxis.uasset" 245
"../../Plugins/FX/Niagara/Content/Enums/ENiagaraRandomnessMode.uasset" 246
"../../../Engine/Content/Functions/Engine_MaterialFunctions02/Utility/BreakOutFloat4Components.uasset" 247
"../../../Engine/Content/Functions/Engine_MaterialFunctions02/Utility/MakeFloat2.uasset" 248
"../../../Engine/Content/Functions/Engine_MaterialFunctions02/Utility/MakeFloat3.uasset" 249
"../../Plugins/Runtime/Oculus/OculusVR/Content/Materials/OculusMR_ChromaKey.uasset" 250
"../../Plugins/Runtime/Oculus/OculusVR/Content/Materials/OculusMR_ChromaKey_Lit.uasset" 251
"../../Plugins/Runtime/Oculus/OculusVR/Content/Materials/OculusMR_OpaqueColoredMaterial.uasset" 252
"../../Plugins/Runtime/Oculus/OculusVR/Content/Materials/OculusMR_WhiteMaterial.uasset" 253
"../../../../../../Users/luke/Documents/GitHub/The-Lost-Machine/UE4-Project/The_Lost_Machine/Content/FirstPersonBP/Blueprints/UI_Assets/THEMACHINE_2.uasset" 254
"../../../../../../Users/luke/Documents/GitHub/The-Lost-Machine/UE4-Project/The_Lost_Machine/Content/FirstPersonBP/Blueprints/MachineBeepUI.uasset" 255
"../../../../../../Users/luke/Documents/GitHub/The-Lost-Machine/UE4-Project/The_Lost_Machine/Content/FirstPersonBP/Blueprints/UI_Assets/THEMACHINE.uasset" 256
"../../../../../../Users/luke/Documents/GitHub/The-Lost-Machine/UE4-Project/The_Lost_Machine/Content/FirstPersonBP/Blueprints/MachineOffUI.uasset" 257
"../../../../../../Users/luke/Documents/GitHub/The-Lost-Machine/UE4-Project/The_Lost_Machine/Content/Map_Assets/Darth_star/Darthstar.uasset" 258
"../../../../../../Users/luke/Documents/GitHub/The-Lost-Machine/UE4-Project/The_Lost_Machine/Content/Map_Assets/Darth_star/defaultMat.uasset" 259
"../../../../../../Users/luke/Documents/GitHub/The-Lost-Machine/UE4-Project/The_Lost_Machine/Content/Map_Assets/Darth_star/Darth_star.uasset" 260
"../../../../../../Users/luke/Documents/GitHub/The-Lost-Machine/UE4-Project/The_Lost_Machine/Content/Sounds/Machine_part_collect_sfx.uasset" 261
"../../../../../../Users/luke/Documents/GitHub/The-Lost-Machine/UE4-Project/The_Lost_Machine/Content/FirstPersonBP/Blueprints/Darthstar_BP.uasset" 262
"../../../../../../Users/luke/Documents/GitHub/The-Lost-Machine/UE4-Project/The_Lost_Machine/Content/Pollution/GreenPollution.uasset" 263
"../../../../../../Users/luke/Documents/GitHub/The-Lost-Machine/UE4-Project/The_Lost_Machine/Content/Pollution/GreenPollutionOpacity.uasset" 264
"../../../../../../Users/luke/Documents/GitHub/The-Lost-Machine/UE4-Project/The_Lost_Machine/Content/Pollution/GreenPollutionMatieral.uasset" 265
"../../../../../../Users/luke/Documents/GitHub/The-Lost-Machine/UE4-Project/The_Lost_Machine/Content/Pollution/GreenPollutionParticle.uasset" 266
"../../../../../../Users/luke/Documents/GitHub/The-Lost-Machine/UE4-Project/The_Lost_Machine/Content/Sounds/cough.uasset" 267
"../../../../../../Users/luke/Documents/GitHub/The-Lost-Machine/UE4-Project/The_Lost_Machine/Content/Pollution/Pollution_BP.uasset" 268
"../../../../../../Users/luke/Documents/GitHub/The-Lost-Machine/UE4-Project/The_Lost_Machine/Content/FirstPersonBP/Blueprints/HealthBar.uasset" 269
"../../../../../../Users/luke/Documents/GitHub/The-Lost-Machine/UE4-Project/The_Lost_Machine/Content/FirstPersonBP/Blueprints/Interact.uasset" 270
"../../../../../../Users/luke/Documents/GitHub/The-Lost-Machine/UE4-Project/The_Lost_Machine/Content/FirstPersonBP/Blueprints/MachineChargeBar.uasset" 271
"../../../../../../Users/luke/Documents/GitHub/The-Lost-Machine/UE4-Project/The_Lost_Machine/Content/FirstPersonBP/Blueprints/UI_Assets/THEMACHINE_1.uasset" 272
"../../../../../../Users/luke/Documents/GitHub/The-Lost-Machine/UE4-Project/The_Lost_Machine/Content/FirstPersonBP/Blueprints/MachineOnUI.uasset" 273
"../../../../../../Users/luke/Documents/GitHub/The-Lost-Machine/UE4-Project/The_Lost_Machine/Content/FirstPersonBP/Blueprints/PauseMenu.uasset" 274
"../../../../../../Users/luke/Documents/GitHub/The-Lost-Machine/UE4-Project/The_Lost_Machine/Content/MainMenu_LostMachine/Kenney_Mini_Square.uasset" 275
"../../../../../../Users/luke/Documents/GitHub/The-Lost-Machine/UE4-Project/The_Lost_Machine/Content/MainMenu_LostMachine/Kenney_Mini_Square_Font.uasset" 276
"../../../../../../Users/luke/Documents/GitHub/The-Lost-Machine/UE4-Project/The_Lost_Machine/Content/FirstPersonBP/Blueprints/UI_Assets/GameOver.uasset" 277
"../../../../../../Users/luke/Documents/GitHub/The-Lost-Machine/UE4-Project/The_Lost_Machine/Content/FirstPersonBP/Blueprints/UI_Assets/Kenney_Mini_Square.uasset" 278
"../../../../../../Users/luke/Documents/GitHub/The-Lost-Machine/UE4-Project/The_Lost_Machine/Content/FirstPersonBP/Blueprints/UI_Assets/Kenney_Mini_Square_Font.uasset" 279
"../../../../../../Users/luke/Documents/GitHub/The-Lost-Machine/UE4-Project/The_Lost_Machine/Content/FirstPersonBP/Blueprints/Win.uasset" 280
"../../../../../../Users/luke/Documents/GitHub/The-Lost-Machine/UE4-Project/The_Lost_Machine/Content/Sounds/loud_scream_Cue.uasset" 281
"../../../../../../Users/luke/Documents/GitHub/The-Lost-Machine/UE4-Project/The_Lost_Machine/Content/Sounds/World_shift_recharge_sfx.uasset" 282
"../../../../../../Users/luke/Documents/GitHub/The-Lost-Machine/UE4-Project/The_Lost_Machine/Content/Sounds/World_Shifting_sfx.uasset" 283
"../../../../../../Users/luke/Documents/GitHub/The-Lost-Machine/UE4-Project/The_Lost_Machine/Content/FirstPersonBP/Blueprints/FirstPersonCharacter.uasset" 284
"../../../Engine/Content/EngineSky/C_Sky_Cloud_Color.uasset" 285
"../../../Engine/Content/EngineSky/C_Sky_Horizon_Color.uasset" 286
"../../../Engine/Content/EngineSky/C_Sky_Zenith_Color.uasset" 287
"../../../Engine/Content/EngineSky/T_Sky_Blue.uasset" 288
"../../../Engine/Content/EngineSky/T_Sky_Clouds_M.uasset" 289
"../../../Engine/Content/EngineSky/T_Sky_Stars.uasset" 290
"../../../Engine/Content/EngineSky/M_Sky_Panning_Clouds2.uasset" 291
"../../../Engine/Content/EngineSky/SM_SkySphere.uasset" 292
"../../../Engine/Content/EngineSky/BP_Sky_Sphere.uasset" 293
"../../../../../../Users/luke/Documents/GitHub/The-Lost-Machine/UE4-Project/The_Lost_Machine/Content/Map_Assets/Fog_Machine_Parts/Cog/Cog1.uasset" 294
"../../../../../../Users/luke/Documents/GitHub/The-Lost-Machine/UE4-Project/The_Lost_Machine/Content/Map_Assets/Fog_Machine_Parts/Cog/palette.uasset" 295
"../../../../../../Users/luke/Documents/GitHub/The-Lost-Machine/UE4-Project/The_Lost_Machine/Content/Map_Assets/Fog_Machine_Parts/Cog/Cog.uasset" 296
"../../../../../../Users/luke/Documents/GitHub/The-Lost-Machine/UE4-Project/The_Lost_Machine/Content/FirstPersonBP/Blueprints/Cog_BP.uasset" 297
"../../../../../../Users/luke/Documents/GitHub/The-Lost-Machine/UE4-Project/The_Lost_Machine/Content/Map_Assets/Fog_Machine_Parts/Compressor/Compressor1.uasset" 298
"../../../../../../Users/luke/Documents/GitHub/The-Lost-Machine/UE4-Project/The_Lost_Machine/Content/Map_Assets/Fog_Machine_Parts/Compressor/palette.uasset" 299
"../../../../../../Users/luke/Documents/GitHub/The-Lost-Machine/UE4-Project/The_Lost_Machine/Content/Map_Assets/Fog_Machine_Parts/Compressor/Compressor.uasset" 300
"../../../../../../Users/luke/Documents/GitHub/The-Lost-Machine/UE4-Project/The_Lost_Machine/Content/FirstPersonBP/Blueprints/Compressor.uasset" 301
"../../../../../../Users/luke/Documents/GitHub/The-Lost-Machine/UE4-Project/The_Lost_Machine/Content/FirstPerson/Textures/FirstPersonCrosshair.uasset" 302
"../../../../../../Users/luke/Documents/GitHub/The-Lost-Machine/UE4-Project/The_Lost_Machine/Content/FirstPersonBP/Blueprints/FirstPersonHUD.uasset" 303
"../../../../../../Users/luke/Documents/GitHub/The-Lost-Machine/UE4-Project/The_Lost_Machine/Content/Sounds/LevelMusic.uasset" 304
"../../../../../../Users/luke/Documents/GitHub/The-Lost-Machine/UE4-Project/The_Lost_Machine/Content/FirstPersonBP/Blueprints/FirstPersonGameMode.uasset" 305
"../../../../../../Users/luke/Documents/GitHub/The-Lost-Machine/UE4-Project/The_Lost_Machine/Content/Sounds/confused_scream.uasset" 306
"../../../../../../Users/luke/Documents/GitHub/The-Lost-Machine/UE4-Project/The_Lost_Machine/Content/Sounds/loud_scream.uasset" 307
"../../../../../../Users/luke/Documents/GitHub/The-Lost-Machine/UE4-Project/The_Lost_Machine/Content/Sounds/scared_scream.uasset" 308
"../../../../../../Users/luke/Documents/GitHub/The-Lost-Machine/UE4-Project/The_Lost_Machine/Content/FirstPersonBP/Blueprints/Dialoguee.uasset" 309
"../../../../../../Users/luke/Documents/GitHub/The-Lost-Machine/UE4-Project/The_Lost_Machine/Content/MainMenu_LostMachine/Old_ChapMenu/Old_Chap_0.uasset" 310
"../../../../../../Users/luke/Documents/GitHub/The-Lost-Machine/UE4-Project/The_Lost_Machine/Content/MainMenu_LostMachine/Old_ChapMenu/defaultMat.uasset" 311
"../../../../../../Users/luke/Documents/GitHub/The-Lost-Machine/UE4-Project/The_Lost_Machine/Content/MainMenu_LostMachine/Old_ChapMenu/Old_ChapMenu.uasset" 312
"../../../../../../Users/luke/Documents/GitHub/The-Lost-Machine/UE4-Project/The_Lost_Machine/Content/Sounds/old_man_npc_scream.uasset" 313
"../../../../../../Users/luke/Documents/GitHub/The-Lost-Machine/UE4-Project/The_Lost_Machine/Content/FirstPersonBP/Blueprints/GuyHelp.uasset" 314
"../../../../../../Users/luke/Documents/GitHub/The-Lost-Machine/UE4-Project/The_Lost_Machine/Content/Map_Assets/Fog_Machine_Parts/Pipe/Pipe1.uasset" 315
"../../../../../../Users/luke/Documents/GitHub/The-Lost-Machine/UE4-Project/The_Lost_Machine/Content/Map_Assets/Fog_Machine_Parts/Pipe/palette.uasset" 316
"../../../../../../Users/luke/Documents/GitHub/The-Lost-Machine/UE4-Project/The_Lost_Machine/Content/Map_Assets/Fog_Machine_Parts/Pipe/Pipe.uasset" 317
"../../../../../../Users/luke/Documents/GitHub/The-Lost-Machine/UE4-Project/The_Lost_Machine/Content/FirstPersonBP/Blueprints/Pipe.uasset" 318
"../../../../../../Users/luke/Documents/GitHub/The-Lost-Machine/UE4-Project/The_Lost_Machine/Content/Map_Assets/Fog_Machine_Parts/Pressure_gauge/Pressure_Gauge1.uasset" 319
"../../../../../../Users/luke/Documents/GitHub/The-Lost-Machine/UE4-Project/The_Lost_Machine/Content/Map_Assets/Fog_Machine_Parts/Pressure_gauge/defaultMat.uasset" 320
"../../../../../../Users/luke/Documents/GitHub/The-Lost-Machine/UE4-Project/The_Lost_Machine/Content/Map_Assets/Fog_Machine_Parts/Pressure_gauge/Pressure_Gauge.uasset" 321
"../../../../../../Users/luke/Documents/GitHub/The-Lost-Machine/UE4-Project/The_Lost_Machine/Content/FirstPersonBP/Blueprints/PressureGauge.uasset" 322
"../../../../../../Users/luke/Documents/GitHub/The-Lost-Machine/UE4-Project/The_Lost_Machine/Content/Map_Assets/Fog_Machine_Parts/Switch_Object/Switch1.uasset" 323
"../../../../../../Users/luke/Documents/GitHub/The-Lost-Machine/UE4-Project/The_Lost_Machine/Content/Map_Assets/Fog_Machine_Parts/Switch_Object/palette.uasset" 324
"../../../../../../Users/luke/Documents/GitHub/The-Lost-Machine/UE4-Project/The_Lost_Machine/Content/Map_Assets/Fog_Machine_Parts/Switch_Object/Switch.uasset" 325
"../../../../../../Users/luke/Documents/GitHub/The-Lost-Machine/UE4-Project/The_Lost_Machine/Content/FirstPersonBP/Blueprints/Switch.uasset" 326
"../../../../../../Users/luke/Documents/GitHub/The-Lost-Machine/UE4-Project/The_Lost_Machine/Content/FirstPersonBP/Blueprints/UI_Assets/cloc_k.uasset" 327
"../../../../../../Users/luke/Documents/GitHub/The-Lost-Machine/UE4-Project/The_Lost_Machine/Content/FirstPersonBP/Blueprints/UI_Assets/clockmin.uasset" 328
"../../../../../../Users/luke/Documents/GitHub/The-Lost-Machine/UE4-Project/The_Lost_Machine/Content/FirstPersonBP/Blueprints/Clock.uasset" 329
"../../../../../../Users/luke/Documents/GitHub/The-Lost-Machine/UE4-Project/The_Lost_Machine/Content/FirstPersonBP/Blueprints/UI_Assets/Time_BP.uasset" 330
"../../../../../../Users/luke/Documents/GitHub/The-Lost-Machine/UE4-Project/The_Lost_Machine/Content/Map_Assets/Zepplin/Zepplin_Texture.uasset" 331
"../../../../../../Users/luke/Documents/GitHub/The-Lost-Machine/UE4-Project/The_Lost_Machine/Content/Map_Assets/Zepplin/palette.uasset" 332
"../../../../../../Users/luke/Documents/GitHub/The-Lost-Machine/UE4-Project/The_Lost_Machine/Content/Map_Assets/Zepplin/Zepplin_Mod.uasset" 333
"../../../../../../Users/luke/Documents/GitHub/The-Lost-Machine/UE4-Project/The_Lost_Machine/Content/Map_Assets/Zepplin/ZeplinActor.uasset" 334
"../../../../../../Users/luke/Documents/GitHub/The-Lost-Machine/UE4-Project/The_Lost_Machine/Content/FirstPersonBP/Maps/Backup/FirstPersonExampleMap_BuiltData.uasset" 335
"../../../../../../Users/luke/Documents/GitHub/The-Lost-Machine/UE4-Project/The_Lost_Machine/Content/Map_Assets/Brick_Wall/BrickWall1.uasset" 336
"../../../../../../Users/luke/Documents/GitHub/The-Lost-Machine/UE4-Project/The_Lost_Machine/Content/Map_Assets/Brick_Wall/palette.uasset" 337
"../../../../../../Users/luke/Documents/GitHub/The-Lost-Machine/UE4-Project/The_Lost_Machine/Content/Map_Assets/Brick_Wall/BrickWall.uasset" 338
"../../../../../../Users/luke/Documents/GitHub/The-Lost-Machine/UE4-Project/The_Lost_Machine/Content/Map_Assets/Bunker/untitled1.uasset" 339
"../../../../../../Users/luke/Documents/GitHub/The-Lost-Machine/UE4-Project/The_Lost_Machine/Content/Map_Assets/Bunker/palette.uasset" 340
"../../../../../../Users/luke/Documents/GitHub/The-Lost-Machine/UE4-Project/The_Lost_Machine/Content/Map_Assets/Bunker/untitled.uasset" 341
"../../../../../../Users/luke/Documents/GitHub/The-Lost-Machine/UE4-Project/The_Lost_Machine/Content/Map_Assets/Foundation/Foundation1.uasset" 342
"../../../../../../Users/luke/Documents/GitHub/The-Lost-Machine/UE4-Project/The_Lost_Machine/Content/Map_Assets/Foundation/palette.uasset" 343
"../../../../../../Users/luke/Documents/GitHub/The-Lost-Machine/UE4-Project/The_Lost_Machine/Content/Map_Assets/Foundation/Foundation.uasset" 344
"../../../../../../Users/luke/Documents/GitHub/The-Lost-Machine/UE4-Project/The_Lost_Machine/Content/Map_Assets/House_1/House_1.uasset" 345
"../../../../../../Users/luke/Documents/GitHub/The-Lost-Machine/UE4-Project/The_Lost_Machine/Content/Map_Assets/House_1/defaultMat.uasset" 346
"../../../../../../Users/luke/Documents/GitHub/The-Lost-Machine/UE4-Project/The_Lost_Machine/Content/Map_Assets/House_1/House_1_Mod.uasset" 347
"../../../../../../Users/luke/Documents/GitHub/The-Lost-Machine/UE4-Project/The_Lost_Machine/Content/Map_Assets/House_2/House_2.uasset" 348
"../../../../../../Users/luke/Documents/GitHub/The-Lost-Machine/UE4-Project/The_Lost_Machine/Content/Map_Assets/House_2/defaultMat.uasset" 349
"../../../../../../Users/luke/Documents/GitHub/The-Lost-Machine/UE4-Project/The_Lost_Machine/Content/Map_Assets/House_2/House_2_Mod.uasset" 350
"../../../../../../Users/luke/Documents/GitHub/The-Lost-Machine/UE4-Project/The_Lost_Machine/Content/Map_Assets/House_3/House_3_2.uasset" 351
"../../../../../../Users/luke/Documents/GitHub/The-Lost-Machine/UE4-Project/The_Lost_Machine/Content/Map_Assets/House_3/defaultMat.uasset" 352
"../../../../../../Users/luke/Documents/GitHub/The-Lost-Machine/UE4-Project/The_Lost_Machine/Content/Map_Assets/House_3/House_3_2_Mod.uasset" 353
"../../../../../../Users/luke/Documents/GitHub/The-Lost-Machine/UE4-Project/The_Lost_Machine/Content/Map_Assets/House_4/House5.uasset" 354
"../../../../../../Users/luke/Documents/GitHub/The-Lost-Machine/UE4-Project/The_Lost_Machine/Content/Map_Assets/House_4/palette.uasset" 355
"../../../../../../Users/luke/Documents/GitHub/The-Lost-Machine/UE4-Project/The_Lost_Machine/Content/Map_Assets/House_4/House4.uasset" 356
"../../../../../../Users/luke/Documents/GitHub/The-Lost-Machine/UE4-Project/The_Lost_Machine/Content/Map_Assets/Road/Road1.uasset" 357
"../../../../../../Users/luke/Documents/GitHub/The-Lost-Machine/UE4-Project/The_Lost_Machine/Content/Map_Assets/Road/palette.uasset" 358
"../../../../../../Users/luke/Documents/GitHub/The-Lost-Machine/UE4-Project/The_Lost_Machine/Content/Map_Assets/Road/Road.uasset" 359
"../../../../../../Users/luke/Documents/GitHub/The-Lost-Machine/UE4-Project/The_Lost_Machine/Content/Map_Assets/RoadL/RoadL1.uasset" 360
"../../../../../../Users/luke/Documents/GitHub/The-Lost-Machine/UE4-Project/The_Lost_Machine/Content/Map_Assets/RoadL/palette.uasset" 361
"../../../../../../Users/luke/Documents/GitHub/The-Lost-Machine/UE4-Project/The_Lost_Machine/Content/Map_Assets/RoadL/RoadL.uasset" 362
"../../../../../../Users/luke/Documents/GitHub/The-Lost-Machine/UE4-Project/The_Lost_Machine/Content/Map_Assets/RoadT/RoadT1.uasset" 363
"../../../../../../Users/luke/Documents/GitHub/The-Lost-Machine/UE4-Project/The_Lost_Machine/Content/Map_Assets/RoadT/palette.uasset" 364
"../../../../../../Users/luke/Documents/GitHub/The-Lost-Machine/UE4-Project/The_Lost_Machine/Content/Map_Assets/RoadT/RoadT.uasset" 365
"../../../../../../Users/luke/Documents/GitHub/The-Lost-Machine/UE4-Project/The_Lost_Machine/Content/FirstPersonBP/Maps/Backup/FirstPersonExampleMap.umap" 366
"../../../../../../Users/luke/Documents/GitHub/The-Lost-Machine/UE4-Project/The_Lost_Machine/Content/FirstPersonBP/Maps/GameMap_BuiltData.uasset" 367
"../../../Engine/Content/BasicShapes/BasicShapeMaterial.uasset" 368
"../../../Engine/Content/BasicShapes/Cube.uasset" 369
"../../../../../../Users/luke/Documents/GitHub/The-Lost-Machine/UE4-Project/The_Lost_Machine/Content/Geometry/Meshes/1M_Cube.uasset" 370
"../../../../../../Users/luke/Documents/GitHub/The-Lost-Machine/UE4-Project/The_Lost_Machine/Content/FirstPersonBP/Maps/Backup/GameMap.umap" 371
"../../../../../../Users/luke/Documents/GitHub/The-Lost-Machine/UE4-Project/The_Lost_Machine/Content/MainMenu_LostMachine/MainMenuGamemode.uasset" 372
"../../../../../../Users/luke/Documents/GitHub/The-Lost-Machine/UE4-Project/The_Lost_Machine/Content/MainMenu_LostMachine/MainMenuOldChap.uasset" 373
"../../../../../../Users/luke/Documents/GitHub/The-Lost-Machine/UE4-Project/The_Lost_Machine/Content/MainMenu_LostMachine/MainMenu_LostMachine_BuiltData.uasset" 374
"../../../../../../Users/luke/Documents/GitHub/The-Lost-Machine/UE4-Project/The_Lost_Machine/Content/Loading_Screen/LostLoading.uasset" 375
"../../../../../../Users/luke/Documents/GitHub/The-Lost-Machine/UE4-Project/The_Lost_Machine/Content/Loading_Screen/Loading_Screen.uasset" 376
"../../../../../../Users/luke/Documents/GitHub/The-Lost-Machine/UE4-Project/The_Lost_Machine/Content/MainMenu_LostMachine/MenuPictures/Button.uasset" 377
"../../../../../../Users/luke/Documents/GitHub/The-Lost-Machine/UE4-Project/The_Lost_Machine/Content/MainMenu_LostMachine/MenuPictures/Controls.uasset" 378
"../../../../../../Users/luke/Documents/GitHub/The-Lost-Machine/UE4-Project/The_Lost_Machine/Content/MainMenu_LostMachine/MenuPictures/Settings-Icon.uasset" 379
"../../../../../../Users/luke/Documents/GitHub/The-Lost-Machine/UE4-Project/The_Lost_Machine/Content/MainMenu_LostMachine/MenuPictures/Title.uasset" 380
"../../../../../../Users/luke/Documents/GitHub/The-Lost-Machine/UE4-Project/The_Lost_Machine/Content/MainMenu_LostMachine/MenuSounds/MenuMusic.uasset" 381
"../../../../../../Users/luke/Documents/GitHub/The-Lost-Machine/UE4-Project/The_Lost_Machine/Content/MainMenu_LostMachine/MenuSounds/scream_quiet.uasset" 382
"../../../../../../Users/luke/Documents/GitHub/The-Lost-Machine/UE4-Project/The_Lost_Machine/Content/MainMenu_LostMachine/MenuSounds/that_goat_scream_sfx.uasset" 383
"../../../../../../Users/luke/Documents/GitHub/The-Lost-Machine/UE4-Project/The_Lost_Machine/Content/Sounds/TLM_Class_Mix.uasset" 384
"../../../../../../Users/luke/Documents/GitHub/The-Lost-Machine/UE4-Project/The_Lost_Machine/Content/MainMenu_LostMachine/MainMenu.uasset" 385
"../../../../../../Users/luke/Documents/GitHub/The-Lost-Machine/UE4-Project/The_Lost_Machine/Content/MainMenu_LostMachine/MainMenu_LostMachine.umap" 386
"../../../Engine/Content/Maps/Entry_BuiltData.uasset" 387
"../../../Engine/Content/Maps/Entry.umap" 388
